<?xml version="1.0" encoding="UTF-8"?>
<testsuite name="inkball.BallTest" tests="23" skipped="0" failures="0" errors="0" timestamp="2024-10-25T06:43:09" hostname="DESKTOP-Q07PJTI" time="6.617">
  <properties/>
  <testcase name="testSetCurrentRadius()" classname="inkball.BallTest" time="0.204"/>
  <testcase name="testCheckCollisionBottomBoundary()" classname="inkball.BallTest" time="0.226"/>
  <testcase name="testReverseYVelocity()" classname="inkball.BallTest" time="0.193"/>
  <testcase name="testGetX()" classname="inkball.BallTest" time="0.213"/>
  <testcase name="testGetY()" classname="inkball.BallTest" time="0.246"/>
  <testcase name="testSetX()" classname="inkball.BallTest" time="0.628"/>
  <testcase name="testSetY()" classname="inkball.BallTest" time="0.199"/>
  <testcase name="testCheckCollisionRightBoundary()" classname="inkball.BallTest" time="0.242"/>
  <testcase name="testCaptureBall()" classname="inkball.BallTest" time="0.232"/>
  <testcase name="testCheckCollisionTopBoundary()" classname="inkball.BallTest" time="0.216"/>
  <testcase name="testCaptureBallFail()" classname="inkball.BallTest" time="0.259"/>
  <testcase name="testReverseXVelocity()" classname="inkball.BallTest" time="0.219"/>
  <testcase name="testUpdatePosition()" classname="inkball.BallTest" time="0.66"/>
  <testcase name="testRemoveBall()" classname="inkball.BallTest" time="0.214"/>
  <testcase name="testIsShrink()" classname="inkball.BallTest" time="0.22"/>
  <testcase name="testAttractBall()" classname="inkball.BallTest" time="0.24"/>
  <testcase name="testIsShrinking()" classname="inkball.BallTest" time="0.224"/>
  <testcase name="testSetRadius()" classname="inkball.BallTest" time="0.228"/>
  <testcase name="testGetRadius()" classname="inkball.BallTest" time="0.26"/>
  <testcase name="testNotShrink()" classname="inkball.BallTest" time="0.764"/>
  <testcase name="testCheckCollisionLeftBoundary()" classname="inkball.BallTest" time="0.208"/>
  <testcase name="testSetColor()" classname="inkball.BallTest" time="0.244"/>
  <testcase name="testAttractBallFail()" classname="inkball.BallTest" time="0.246"/>
  <system-out><![CDATA[]]></system-out>
  <system-err><![CDATA[]]></system-err>
</testsuite>
