<?xml version="1.0" encoding="UTF-8"?>
<testsuite name="inkball.VecTest" tests="8" skipped="0" failures="0" errors="0" timestamp="2024-10-25T06:43:15" hostname="DESKTOP-Q07PJTI" time="0.009">
  <properties/>
  <testcase name="testPerpendicular()" classname="inkball.VecTest" time="0.0"/>
  <testcase name="testAdd()" classname="inkball.VecTest" time="0.0"/>
  <testcase name="testDot()" classname="inkball.VecTest" time="0.0"/>
  <testcase name="testNormalizeZeroVector()" classname="inkball.VecTest" time="0.0"/>
  <testcase name="testNormalize()" classname="inkball.VecTest" time="0.0"/>
  <testcase name="testNormal()" classname="inkball.VecTest" time="0.001"/>
  <testcase name="testDistanceTo()" classname="inkball.VecTest" time="0.001"/>
  <testcase name="testConstructor()" classname="inkball.VecTest" time="0.0"/>
  <system-out><![CDATA[]]></system-out>
  <system-err><![CDATA[]]></system-err>
</testsuite>
